Y-03-18 10:55:43 Startup!
2026-03-18 11:00:43 Startup!
2026-03-18 11:25:23  7
2026-03-18 11:25:23 task3[70427] 6
2026-03-18 11:25:37 task3[70441] 7
2026-03-18 11:25:37  9
2026-03-18 16:45:01  2
2026-03-18 16:45:01 task[89422] 7
2026-03-18 16:45:02 task2[90150] 3
2026-03-18 16:45:02  10
2026-03-18 16:45:02  10
2026-03-18 16:45:02 task3[90890] 3
2026-03-18 16:46:01  6
2026-03-18 16:46:01 task[93019] 7
2026-03-18 16:46:02  7
2026-03-18 16:46:02 task2[93747] 2
2026-03-18 16:46:02  2
2026-03-18 16:46:02 task3[94487] 5
2026-03-18 16:47:02 task[96597] 7
2026-03-18 16:47:02  6
2026-03-18 16:47:02 task2[97314] 5
2026-03-18 16:47:02  3
2026-03-18 16:47:02  2
2026-03-18 16:47:02 task3[98042] 6
2026-03-18 16:48:02  7
2026-03-18 16:48:02 task[100129] 3
2026-03-18 16:48:02 task2[100839] 8
2026-03-18 16:48:02  4
2026-03-18 16:48:02 task3[101561] 2
2026-03-18 16:48:02  8
2026-03-18 16:49:01  2
2026-03-18 16:49:01 task[103665] 10
2026-03-18 16:49:01  5
2026-03-18 16:49:01 task2[104375] 5
2026-03-18 16:49:01 task3[105098] 7
2026-03-18 16:49:01  6
2026-03-18 16:50:01 task[107201] 2
2026-03-18 16:50:01  8
2026-03-18 16:50:01  3
2026-03-18 16:50:01 task2[107911] 8
2026-03-18 16:50:02 task3[108634] 10
2026-03-18 16:50:02  4
2026-03-18 16:51:01  2
2026-03-18 16:51:01 task[110769] 2
2026-03-18 16:51:01  3
2026-03-18 16:51:01 task2[111492] 9
2026-03-18 16:51:02 task3[112226] 10
2026-03-18 16:51:02  7
